TN:
SF:cadence/contracts/VoteBooth_std.cdc
DA:46,1
DA:50,1
DA:54,1
DA:58,1
DA:62,1
DA:67,1
DA:71,1
DA:95,2
DA:98,2
DA:101,2
DA:109,0
DA:113,0
DA:117,0
DA:121,0
DA:125,0
DA:132,0
DA:138,0
DA:143,0
DA:156,0
DA:160,0
DA:161,0
DA:166,0
DA:167,0
DA:171,0
DA:174,0
DA:175,0
DA:184,0
DA:186,0
DA:188,0
DA:192,0
DA:195,0
DA:196,0
DA:199,0
DA:205,0
DA:207,0
DA:209,0
DA:210,0
DA:213,0
DA:221,0
DA:223,0
DA:224,0
DA:227,0
DA:237,2
DA:241,0
DA:258,2
DA:261,2
DA:263,2
DA:264,2
DA:267,2
DA:270,2
DA:276,2
DA:278,2
DA:280,0
DA:283,2
DA:289,0
DA:296,0
DA:320,0
DA:326,0
DA:328,0
DA:331,0
DA:339,0
DA:349,0
DA:353,0
DA:356,0
DA:358,0
DA:362,0
DA:375,0
DA:377,0
DA:386,0
DA:388,0
DA:392,0
DA:396,1
DA:401,1
DA:404,1
DA:419,0
DA:423,0
DA:424,0
DA:427,0
DA:432,0
DA:433,0
DA:435,0
DA:437,0
DA:439,0
DA:443,0
DA:446,0
DA:459,0
DA:461,0
DA:463,0
DA:478,0
DA:479,0
DA:484,0
DA:496,0
DA:503,0
DA:505,0
DA:508,0
DA:511,0
DA:515,0
DA:519,0
DA:520,0
DA:521,0
DA:528,0
DA:537,2
DA:545,2
DA:553,2
DA:561,2
DA:563,2
DA:567,0
DA:576,0
DA:579,0
DA:581,0
DA:585,0
DA:586,0
DA:596,0
DA:601,0
DA:608,2
DA:615,0
DA:622,0
DA:624,0
DA:625,0
DA:629,0
DA:640,0
DA:644,0
DA:648,0
DA:660,1
DA:661,1
DA:662,1
DA:663,1
DA:664,1
DA:665,1
DA:668,1
DA:669,1
DA:670,1
DA:671,1
DA:675,1
DA:678,1
DA:681,1
DA:684,1
DA:686,4
DA:689,4
DA:691,4
DA:695,0
DA:700,1
DA:703,1
DA:704,1
DA:705,1
DA:706,1
DA:712,1
DA:715,1
DA:716,0
DA:728,1
DA:730,1
DA:733,1
DA:734,0
DA:743,1
DA:745,1
DA:746,0
DA:758,1
DA:761,1
DA:764,1
DA:766,1
DA:768,1
LF:161
LH:63
end_of_record
TN:
SF:t.02eb683ae4684794fccd2c052e29b938343fa0cf0c3c00b662db3855c42d5723
DA:5,1
DA:8,1
DA:9,1
DA:13,1
DA:14,0
LF:5
LH:4
end_of_record
TN:
SF:t.02ec04db138c0477d4885a11b4cd8f12e3ff2bb931f0760198eec3bbe6b9fea2
DA:6,1
DA:9,1
DA:11,1
DA:14,1
LF:4
LH:4
end_of_record
TN:
SF:t.0693a0f45fcc55a80f457df0c9ea2ba49c68b46167d69d0c36ae516666caee42
DA:6,1
DA:9,1
DA:11,1
DA:14,1
LF:4
LH:4
end_of_record
TN:
SF:t.071af2166324b1462236a4e77a056521efe0f57431e05f9942743cd227d6cac0
DA:6,1
DA:9,1
DA:11,1
DA:14,1
LF:4
LH:4
end_of_record
TN:
SF:t.075479b898a1b3838fedbd29660b7bb010532926d1d8220d111175fd969f97f5
DA:6,1
DA:9,1
DA:11,1
DA:14,1
LF:4
LH:4
end_of_record
TN:
SF:t.089833d285884dcf5976a68ed5a96759376cf436a552fc1b3149f08417322010
DA:12,1
DA:17,1
LF:2
LH:2
end_of_record
TN:
SF:t.0a65edb86af19824e80f584992e1dedd62dd5cc7bc6dac1e32b5ce82f6e5d27b
DA:6,1
DA:9,1
DA:11,1
DA:14,1
LF:4
LH:4
end_of_record
TN:
SF:t.0a8938e76868ff15d0177bda568fbaa658303716969a5a49c431a2544ef4507e
DA:6,1
DA:9,1
DA:11,1
DA:14,1
LF:4
LH:4
end_of_record
TN:
SF:t.0ba184ff77fae9ba86b2128e1dd42a1c061af5b561bfd96fde384ed5af9fca12
DA:3,1
LF:1
LH:1
end_of_record
TN:
SF:t.109f8f33bc4945c2d3faff8aee29abc36037e0edfe68bbca32008a7aaaaa0d6f
DA:6,1
DA:10,1
DA:12,1
LF:3
LH:3
end_of_record
TN:
SF:t.141d671558f39370038c2fcfa58b5673c34c273136b4944ea239052d47a49952
DA:5,1
DA:8,1
DA:9,1
DA:13,1
DA:14,0
LF:5
LH:4
end_of_record
TN:
SF:t.153c617ae15a02b4eff91f5d9a2eae655a6b0aa3b117903bdb7ecbac8e822af6
DA:6,1
DA:9,1
DA:11,1
DA:14,1
LF:4
LH:4
end_of_record
TN:
SF:t.20ac4f8c6e6e34639a9e83faae774607f4a103953858c880221db66939688b1e
DA:6,1
DA:9,1
DA:11,1
DA:14,1
LF:4
LH:4
end_of_record
TN:
SF:t.2116aea39d0928de3255954874921a2ddf2180d87418ed258b4e7ab4eac9bb7b
DA:5,1
DA:8,1
DA:9,1
DA:13,1
DA:14,0
LF:5
LH:4
end_of_record
TN:
SF:t.2444cc8179b6823c41d77a03aabfd12037c43a7a1a032efb249eea2de002ddbb
DA:6,1
DA:9,1
DA:11,1
DA:14,1
LF:4
LH:4
end_of_record
TN:
SF:t.34aad9095d9484145e207b24e84ace4e1a71999368bcd4f995cc1b2dc90c54c1
DA:6,1
DA:9,1
DA:11,1
DA:14,1
LF:4
LH:4
end_of_record
TN:
SF:t.3e10c42112ed746e3f4696c4cb4163e5ab18ddcf36e215340a8e24f47eec8cc2
DA:3,1
LF:1
LH:1
end_of_record
TN:
SF:t.41dceeaf4f8990065baae14c1e2fa765b589de2171aaabc7bc916b48ee2ee6ba
DA:6,1
DA:9,1
DA:11,1
DA:14,1
LF:4
LH:4
end_of_record
TN:
SF:t.451e020a830cea65b483f31e2b3bb121a68052c638138c43e3d602cbe2c4866f
DA:6,1
DA:9,1
DA:11,1
DA:14,1
LF:4
LH:4
end_of_record
TN:
SF:t.47de54a20c402dd17f1197032ea3fefdef9e3daaa07b1ab665a9e629aa6a2152
DA:6,1
DA:9,1
DA:11,1
DA:14,1
LF:4
LH:4
end_of_record
TN:
SF:t.483fdc63c9f38cd359f44e420e609ce5ded5a439f543d5c940cc9392a6197313
DA:6,1
DA:9,1
DA:11,1
DA:14,1
LF:4
LH:4
end_of_record
TN:
SF:t.4a641974929f716890799c297493b93538c30058fe5556b84673873ca66ce2be
DA:6,1
DA:9,1
DA:11,1
DA:14,1
LF:4
LH:4
end_of_record
TN:
SF:t.4bbb77c27d7012ba5e2cbccec890e9f66994547986024ccff2015171d5ca821f
DA:5,1
DA:8,1
DA:9,1
DA:13,1
DA:14,0
LF:5
LH:4
end_of_record
TN:
SF:t.4db62f9fae05ed890092453f5435e0663492091881d64353baa7b5e9ac804d84
DA:3,1
LF:1
LH:1
end_of_record
TN:
SF:t.4fbaa7f64dfd781339dbb0d3094fd5c01665c94c96c52083bc1b23a772e5e283
DA:6,1
DA:9,1
DA:11,1
DA:14,1
LF:4
LH:4
end_of_record
TN:
SF:t.51cc20374d74a4eaf93e58bb4e7b3b0f3122689fa728be862cd5f187c2ed7c2c
DA:10,1
DA:14,1
DA:20,1
DA:21,1
DA:23,1
DA:25,1
LF:6
LH:6
end_of_record
TN:
SF:t.52d40b0af0be2ebeb4f52d8e3952814311293542efe892437b22d81dafd8dcce
DA:6,1
DA:9,1
DA:11,1
DA:14,1
LF:4
LH:4
end_of_record
TN:
SF:t.557882aea4ef632487166ccf078a098bf6b5bee8f12b79e203c1296577d8707a
DA:3,1
LF:1
LH:1
end_of_record
TN:
SF:t.56a3b974abbbea6572ac2a52efad4f2d67673607bde039d1501b2203aceb6b26
DA:18,1
DA:25,1
DA:28,1
DA:32,1
LF:4
LH:4
end_of_record
TN:
SF:t.570fea64f1468a0a2b48227f3b97199424c818513b083482017a70688e481240
DA:6,1
DA:9,1
DA:11,1
DA:14,1
LF:4
LH:4
end_of_record
TN:
SF:t.57bc6151183a6773fff7bd7b5dae9a4e33ca549b39e0516ee3406e10bf3d369f
DA:3,1
DA:4,1
LF:2
LH:2
end_of_record
TN:
SF:t.5c26795e92baf926c5dc09c9e9efd6cc4b6a846c75b616e1abefa58e24e297b3
DA:6,1
DA:9,1
DA:11,1
DA:14,1
LF:4
LH:4
end_of_record
TN:
SF:t.600e19b74431f1ce86869fcf1166dc00a98b11e9898ad0621e88f1465afe69d9
DA:17,1
DA:18,1
DA:19,1
DA:20,0
DA:21,0
DA:24,1
LF:6
LH:4
end_of_record
TN:
SF:t.60e0c2cceb30d9154a3081350d9eb2c576f23bbcda6320f09339503f544bd8d6
DA:5,1
DA:8,1
DA:9,1
DA:13,1
DA:14,0
LF:5
LH:4
end_of_record
TN:
SF:t.611699670468f08ac449b44bfdbd82da09d1bdbcc62379890e8269281d8c4c32
DA:6,1
DA:9,1
DA:11,1
DA:14,1
LF:4
LH:4
end_of_record
TN:
SF:t.6323b28daf8a04522e97032214fe19c521c294ae214306119a28ff39638773d7
DA:6,1
DA:9,1
DA:11,1
DA:14,1
LF:4
LH:4
end_of_record
TN:
SF:t.65c665f49bf748bba760e8358bf53e8a2c54845cf31c8450bfa27744d14e2d69
DA:6,1
DA:9,1
DA:11,1
DA:14,1
LF:4
LH:4
end_of_record
TN:
SF:t.669879bad6b532dd912d646925a18d24dc6b102c40cba5ff8dfbd9089f06b3ff
DA:3,1
LF:1
LH:1
end_of_record
TN:
SF:t.6770c7286350dc86082d26e875800f6f404ceb1520013be7502386e0b8454bc2
DA:4,1
LF:1
LH:1
end_of_record
TN:
SF:t.6c69213faaf020ef60df106e58985b4c29fa447e0851b4e49ca6cc526142d283
DA:3,1
DA:4,1
LF:2
LH:2
end_of_record
TN:
SF:t.6d448eeddaad6dba486a2889660e5c62201512d590ae492b3d9662efe2c1687e
DA:6,1
DA:9,1
DA:11,1
DA:14,1
LF:4
LH:4
end_of_record
TN:
SF:t.6dde5c4210005af13f2cfa175972e2f518c58ea68a4eeed2945169914e7228af
DA:6,1
DA:9,1
DA:11,1
DA:14,1
LF:4
LH:4
end_of_record
TN:
SF:t.6f9e299c4ed9031540c51704fa74bd01d55be46a120636b65fb2a17fbc753c72
DA:6,1
DA:9,1
DA:11,1
DA:14,1
LF:4
LH:4
end_of_record
TN:
SF:t.74da01aca553fac4330cd0fcde46c5dc91c62b9bb079db57f1d1e7ff91fe3a7e
DA:3,1
DA:4,1
LF:2
LH:2
end_of_record
TN:
SF:t.75e91a9ee5f88697022948363558c219fe8db7c9a7f38f2e3c4e04ede01d7523
DA:5,1
DA:8,1
DA:9,1
DA:13,1
DA:14,0
LF:5
LH:4
end_of_record
TN:
SF:t.76b7b71e671dd8c902bea5e3e6152a37aa18ab753465152eb7eb7b4a1e97ab22
DA:3,1
LF:1
LH:1
end_of_record
TN:
SF:t.78bfe4f8ceb373cf54d9cd641faa6ca73995bbba16263cb8458c2f326451a181
DA:6,1
DA:9,1
DA:11,1
DA:14,1
LF:4
LH:4
end_of_record
TN:
SF:t.79a842b96adb744184e346223f1b39a209b2d5439a6fe898afc2081823c3b5f2
DA:3,1
LF:1
LH:1
end_of_record
TN:
SF:t.7a3c64d98ff7eec1851ef107c72d471ee974d3daf8102134331620a4bcda917d
DA:5,1
DA:8,1
DA:9,1
DA:13,1
DA:14,0
LF:5
LH:4
end_of_record
TN:
SF:t.7db863f3f3ae492382da5a2cc1698a38b260ac536fa77fd37585d2c235e5a469
DA:7,1
DA:10,1
DA:13,1
DA:14,1
DA:15,1
DA:16,1
LF:6
LH:6
end_of_record
TN:
SF:t.7dc38078ea246e7cb8862f08c07fac31174ebfe324fd53ed8ae6dbffc4939bd8
DA:5,1
DA:8,1
DA:9,1
DA:13,1
DA:14,0
LF:5
LH:4
end_of_record
TN:
SF:t.7f4ada8057cb2ddc2287c889bc9bc8836349bfc6fe3374b86794aef05f9a80fc
DA:6,1
DA:9,1
DA:11,1
DA:14,1
LF:4
LH:4
end_of_record
TN:
SF:t.82e6545517a102200aa4292cd6360c78540ed842bef3c11953f4d2b194e0b8fb
DA:6,1
DA:9,1
DA:11,1
DA:14,1
LF:4
LH:4
end_of_record
TN:
SF:t.83bc0b35047a04dadc85caee6eadf12b54c291e4dd35516e17d3c07df35c2f94
DA:6,1
DA:9,1
DA:11,1
DA:14,1
LF:4
LH:4
end_of_record
TN:
SF:t.84b016fb8284da10ed3358e812eda0cd26fa2de2a48478bd37d1450e7fbc96f2
DA:6,1
DA:9,1
DA:11,1
DA:14,1
LF:4
LH:4
end_of_record
TN:
SF:t.8561126482c357948957f5185f1d91f2d244ad6a37a1d06408e9121de4686d1a
DA:3,1
LF:1
LH:1
end_of_record
TN:
SF:t.856b0539500869f5183b1291caf270a1350ed062eb0e82f5345040ea2fe07c94
DA:17,1
DA:20,1
DA:24,1
DA:25,4
DA:27,4
DA:28,4
DA:29,3
DA:32,4
DA:35,4
LF:9
LH:9
end_of_record
TN:
SF:t.858883918364157f97b99647e2d1134c3778cbdbcab9e1cd3e8f343a40571a02
DA:3,1
LF:1
LH:1
end_of_record
TN:
SF:t.85f9e7b722a4312584ddde8395eef2bf44fa4231082f3ced4a5b3d22f693af0c
DA:6,1
DA:9,1
DA:11,1
DA:14,1
LF:4
LH:4
end_of_record
TN:
SF:t.867898fc1eb8286328ec52a5b89d2243d63d6a22f5a7b568a8a406d68592acfb
DA:5,1
DA:8,1
DA:9,1
DA:13,1
DA:14,0
LF:5
LH:4
end_of_record
TN:
SF:t.87e108aad537e04e4a8d785901bc1906b8cf3aea95b6ad2a465cc890ec429678
DA:3,1
DA:4,1
LF:2
LH:2
end_of_record
TN:
SF:t.8cf73c3d30234d6625d574fe3d2289fefa79975fd87d6d622c6279eeb9f55a00
DA:9,1
DA:11,1
DA:19,1
DA:21,1
DA:28,1
LF:5
LH:5
end_of_record
TN:
SF:t.8ffdb4a87cca3c846cfd6954df5522c459d6d4dcab5d6f9c6c467baaf6468373
DA:5,1
DA:8,1
DA:9,1
DA:13,1
DA:14,0
LF:5
LH:4
end_of_record
TN:
SF:t.91f33d346d3963038b9f3e6ae41da0fb6f0f01983ad4cab4df2b2aa632cf823b
DA:5,1
DA:8,1
DA:9,1
DA:13,1
DA:14,0
LF:5
LH:4
end_of_record
TN:
SF:t.926d8f3ebf71e364d442086a891fb8cbb0256c002f357394222ee0793b86f96e
DA:9,1
DA:11,1
DA:19,0
DA:21,0
DA:28,0
LF:5
LH:2
end_of_record
TN:
SF:t.976b421fc44ef5e07e6565f8dbd93cfa31499d165839a383a4d6b332731295ef
DA:6,1
DA:9,1
DA:11,1
DA:14,1
LF:4
LH:4
end_of_record
TN:
SF:t.9a51ec645ce018684403ab4379db0452335a35e374e0fc34afe5d022ff181fce
DA:6,1
DA:9,1
DA:11,1
DA:14,1
LF:4
LH:4
end_of_record
TN:
SF:t.9b55b8e239ce4aeb245f414511b0835ca121bf8cc0f6bf04a9d9ab8beca4e359
DA:5,1
DA:8,1
DA:9,1
DA:13,1
DA:14,0
LF:5
LH:4
end_of_record
TN:
SF:t.9b56d35d9da3e46c30e7f63e9ef3c5c6c924af3fc5c600ccebf3a14d3c98bb27
DA:18,1
DA:25,0
DA:28,0
DA:32,0
LF:4
LH:1
end_of_record
TN:
SF:t.9c3a171c66d0894d65e39182732e01adeb96c969963d3dc4003149e7ff1205b9
DA:5,1
DA:8,1
DA:9,1
DA:13,1
DA:14,0
LF:5
LH:4
end_of_record
TN:
SF:t.9ce3d34e4930288823d5d5202da92f84decdb687a81c9ac15a83b09947c71310
DA:4,1
LF:1
LH:1
end_of_record
TN:
SF:t.9daf33481af221ebcc6f7ee8941f19fcc533b99c48fa2f73a047fe4c19def8be
DA:14,1
DA:18,1
DA:20,1
DA:22,1
DA:23,1
DA:26,1
DA:30,1
LF:7
LH:7
end_of_record
TN:
SF:t.a93b3bc79d602723807f3af6b6fa87afadef8a8cc73df2ee9dbb701d98af08fd
DA:3,1
LF:1
LH:1
end_of_record
TN:
SF:t.a9a599d06cc17ee36195375688ffae66354a5ae68fab30756616c169615c688c
DA:3,1
DA:4,1
LF:2
LH:2
end_of_record
TN:
SF:t.aad3ca6dc6c8cce68b19d9232d934cc8ec04bb44d96feede5bdc82c84c029912
DA:6,1
DA:9,1
DA:11,1
DA:14,1
LF:4
LH:4
end_of_record
TN:
SF:t.adecd3ed4f97e9072176e867ecb50764b16ad85851221b728da8c65e1e1cbeb3
DA:5,1
DA:8,1
DA:9,1
DA:13,1
DA:14,0
LF:5
LH:4
end_of_record
TN:
SF:t.b043bc15796339d0e344349847fd9fdee135fbfc08e95ae299e58f4873cecdec
DA:5,1
DA:8,1
DA:9,1
DA:13,1
DA:14,0
LF:5
LH:4
end_of_record
TN:
SF:t.b27be1e98bc8cff2fd4a5859dc73e4ac407a6147848d0fce7271f3b4e36e3536
DA:3,1
LF:1
LH:1
end_of_record
TN:
SF:t.b636ce38aa05f367bde1f9225e0719c97f97e2989c0548e1ef623725576f7e60
DA:6,1
DA:9,1
DA:11,1
DA:14,1
LF:4
LH:4
end_of_record
TN:
SF:t.b64f2ab1ccd2a3ceaf6059e414059a12e6b7414fda803f6df9d5c576f7d04fc9
DA:5,1
DA:8,1
DA:9,1
DA:13,1
DA:14,0
LF:5
LH:4
end_of_record
TN:
SF:t.b7043d554f44696ddb121c48bedfcd76c61886fe76bcb57c28af91c1b33a05f6
DA:6,1
DA:9,1
DA:11,1
DA:14,1
LF:4
LH:4
end_of_record
TN:
SF:t.b742a7a1242cd29bf9c37a4deeb5750b7c1bee73f39d32ea35d45749be7cd959
DA:6,1
DA:9,1
DA:11,1
DA:14,1
LF:4
LH:4
end_of_record
TN:
SF:t.b8209337c2be7636832353b56f5d56de88a6ccb37abba05742961d290e87eeaf
DA:6,1
DA:9,1
DA:11,1
DA:14,1
LF:4
LH:4
end_of_record
TN:
SF:t.b844c18b1cf854592874748b5046edac65af7b46f074ad21e21adfa6ddb22d65
DA:5,1
DA:8,1
DA:9,1
DA:13,1
DA:14,0
LF:5
LH:4
end_of_record
TN:
SF:t.bac69900943f587e0919b60a59bc372d5ae8ee45f0d2fc04173f21a9af4cff8e
DA:3,1
LF:1
LH:1
end_of_record
TN:
SF:t.bee1f8d72e419981317a77b5c089c6d198a60ca976320bf82e38163936b5a537
DA:6,1
DA:9,1
DA:11,1
DA:14,1
LF:4
LH:4
end_of_record
TN:
SF:t.c05bf825d8068f8c9da1b9a118ab466a19b302bfa6b4998f163eb904dca9cc34
DA:3,1
LF:1
LH:1
end_of_record
TN:
SF:t.c082a8a6e00c6eb6d446df0c560255ada029129e01daf6d5bfb2bbf890698434
DA:6,1
DA:9,1
DA:11,1
DA:14,1
LF:4
LH:4
end_of_record
TN:
SF:t.c09f44ae1dfd11c1930b458ccc06494705d4c4954d8084076efbb0029c986528
DA:6,1
DA:9,1
DA:11,1
DA:14,1
LF:4
LH:4
end_of_record
TN:
SF:t.c15ea4c59f686b3d2929636565f3d853a82c5b5d2c47c57cc62958dba8e13e4a
DA:6,1
DA:9,1
DA:11,1
DA:14,1
LF:4
LH:4
end_of_record
TN:
SF:t.c1d6e9da24740d87773b97e4a054b1a797bb99ae973976e7e515766794b9359c
DA:5,1
DA:8,1
DA:9,1
DA:13,1
DA:14,0
LF:5
LH:4
end_of_record
TN:
SF:t.c328e7f0d42ba8297dd94352749b02865e7eb4ac936bdc287c07362e8ed16236
DA:6,1
DA:9,1
DA:11,1
DA:14,1
LF:4
LH:4
end_of_record
TN:
SF:t.c3defcfa78e2031ea67a34f4cdb73b4975fab32c597e10338923cccc45cc62c3
DA:5,1
DA:8,1
DA:9,1
DA:13,1
DA:14,0
LF:5
LH:4
end_of_record
TN:
SF:t.c6ccc75c57c855ba668858560b9438af106bcf37e747e8020e81b5f597af0bcf
DA:3,1
LF:1
LH:1
end_of_record
TN:
SF:t.c8a76bb61924c6e2a675c2e22c1a9f54c331b1ddaec2accc375bc5ab4e1843fa
DA:6,1
DA:9,1
DA:11,1
DA:14,1
LF:4
LH:4
end_of_record
TN:
SF:t.c949ac3b6b3b1a90ed39ea1cd9f97288b649ffa178f9c2a5d9d91feb2e42be75
DA:3,1
LF:1
LH:1
end_of_record
TN:
SF:t.d50f273a248f7f60589e6538833e628eeb78baf785062817692e4f4091202fa1
DA:6,1
DA:9,1
DA:11,1
DA:14,1
LF:4
LH:4
end_of_record
TN:
SF:t.da03c9d489f5c73f469b0e53098fc1c956ba1608521598f8ba00be7a84c591ba
DA:6,1
DA:9,1
DA:11,1
DA:14,1
LF:4
LH:4
end_of_record
TN:
SF:t.df6ea14b56e8756d63ecf3b2b5feea91a99320668177480f29ddf1f6acff1b6b
DA:6,1
DA:9,1
DA:11,1
DA:14,1
LF:4
LH:4
end_of_record
TN:
SF:t.e1d63d18455817bb52a3da81a26c6616f397c7ba289bbc8f6d6ca49f69cf1496
DA:6,1
DA:9,1
DA:11,1
DA:14,1
LF:4
LH:4
end_of_record
TN:
SF:t.e6046745a8d24608ca3e3081e02288b8fd31a848f1f3d3cc02312181f908dc53
DA:6,1
DA:9,1
DA:11,1
DA:14,1
LF:4
LH:4
end_of_record
TN:
SF:t.e881177a9bf1f10c1a9b6fa630e3ac89fbb2813443fb37a124666d67b8ecd196
DA:4,1
DA:5,1
LF:2
LH:2
end_of_record
TN:
SF:t.eac9a1b906286bf31e6db73cc9a0e13c0210cccc77aaceb9866134443bb018d4
DA:5,1
DA:8,1
DA:9,1
DA:13,1
DA:14,0
LF:5
LH:4
end_of_record
TN:
SF:t.ef452ac4a4f27af0eb886f28fe325085bcf89429a6b74e0028b232da8548f8d4
DA:6,1
DA:9,1
LF:2
LH:2
end_of_record
TN:
SF:t.f2e6d879ef9eca92235485473003855e515e5b4aa5a8eb62ce41abb0d05c1d6c
DA:6,1
DA:9,1
DA:11,1
DA:14,1
LF:4
LH:4
end_of_record
TN:
SF:t.f487f0eb0258faf07e26521d68f6127211f14fe69a9234d58ff4bc2a2776d739
DA:5,1
DA:8,1
DA:9,1
DA:13,1
DA:14,0
LF:5
LH:4
end_of_record
TN:
SF:t.f4ae7b96fc587b93f1c2d08a957454d86b4316ac4f3a98b93454cc48f8a242a8
DA:5,1
DA:8,1
DA:9,1
DA:13,1
DA:14,0
LF:5
LH:4
end_of_record
TN:
SF:t.f6302981a1652d7f89ceff4b8a55f5ef8023cee31b390b2e9a6a04acf686f914
DA:6,1
DA:9,1
DA:11,1
DA:14,1
LF:4
LH:4
end_of_record
TN:
SF:t.f7f2e1ac331d44ecb29ecfb12053f8711ef3429766b0c30fa42f27b620af6c51
DA:6,1
DA:9,1
DA:11,1
DA:14,1
LF:4
LH:4
end_of_record
TN:
SF:t.fcbfef3d335bdd5a6481f77d35a9f49b0320b6727920436e172a9183d2daf7c3
DA:3,1
LF:1
LH:1
end_of_record
TN:
SF:t.fd43554e9280562895b04759b3dc817094158b757e2f0ed1dca59f72ea5bb0ec
DA:5,1
DA:8,1
DA:9,1
DA:13,1
DA:14,0
LF:5
LH:4
end_of_record
TN:
SF:t.ffa3df30714bc1ca1d96eaa1faf8ef8919b42aee2278e6d3871f4c36133ed9e4
DA:3,1
LF:1
LH:1
end_of_record
