TN:
SF:cadence/contracts/VoteBooth_std.cdc
DA:46,1
DA:50,1
DA:54,1
DA:58,1
DA:62,1
DA:67,1
DA:71,1
DA:95,2
DA:98,2
DA:101,2
DA:109,0
DA:113,0
DA:117,0
DA:121,0
DA:125,0
DA:132,0
DA:138,0
DA:143,0
DA:156,0
DA:160,0
DA:161,0
DA:166,0
DA:167,0
DA:171,0
DA:174,0
DA:175,0
DA:184,0
DA:186,0
DA:188,0
DA:192,0
DA:195,0
DA:196,0
DA:199,0
DA:205,0
DA:207,0
DA:209,0
DA:210,0
DA:213,0
DA:221,0
DA:223,0
DA:224,0
DA:227,0
DA:237,2
DA:241,0
DA:258,2
DA:261,2
DA:263,2
DA:264,2
DA:267,2
DA:270,2
DA:276,2
DA:278,2
DA:280,0
DA:283,2
DA:289,0
DA:296,0
DA:320,0
DA:326,0
DA:328,0
DA:331,0
DA:339,0
DA:349,0
DA:353,0
DA:356,0
DA:358,0
DA:362,0
DA:375,0
DA:377,0
DA:386,0
DA:388,0
DA:392,0
DA:396,1
DA:401,1
DA:404,1
DA:419,0
DA:423,0
DA:424,0
DA:427,0
DA:432,0
DA:433,0
DA:435,0
DA:437,0
DA:439,0
DA:443,0
DA:446,0
DA:459,0
DA:461,0
DA:463,0
DA:478,0
DA:479,0
DA:484,0
DA:496,0
DA:503,0
DA:505,0
DA:508,0
DA:511,0
DA:515,0
DA:519,0
DA:520,0
DA:521,0
DA:528,0
DA:537,2
DA:545,2
DA:553,2
DA:561,2
DA:563,2
DA:567,0
DA:576,0
DA:579,0
DA:581,0
DA:585,0
DA:586,0
DA:596,0
DA:601,0
DA:608,2
DA:615,0
DA:622,0
DA:624,0
DA:625,0
DA:629,0
DA:640,0
DA:644,0
DA:648,0
DA:660,1
DA:661,1
DA:662,1
DA:663,1
DA:664,1
DA:665,1
DA:668,1
DA:669,1
DA:670,1
DA:671,1
DA:675,1
DA:678,1
DA:681,1
DA:684,1
DA:686,4
DA:689,4
DA:691,4
DA:695,0
DA:700,1
DA:703,1
DA:704,1
DA:705,1
DA:706,1
DA:712,1
DA:715,1
DA:716,0
DA:728,1
DA:730,1
DA:733,1
DA:734,0
DA:743,1
DA:745,1
DA:746,0
DA:758,1
DA:761,1
DA:764,1
DA:766,1
DA:768,1
LF:161
LH:63
end_of_record
TN:
SF:t.089833d285884dcf5976a68ed5a96759376cf436a552fc1b3149f08417322010
DA:12,1
DA:17,1
LF:2
LH:2
end_of_record
TN:
SF:t.0b8b3017bce3ea621dc6c206ba863aae3a3f9535ab70d9e108d5c5526b5841c3
DA:6,1
DA:9,1
DA:11,1
DA:14,1
LF:4
LH:4
end_of_record
TN:
SF:t.0ba184ff77fae9ba86b2128e1dd42a1c061af5b561bfd96fde384ed5af9fca12
DA:3,1
LF:1
LH:1
end_of_record
TN:
SF:t.109f8f33bc4945c2d3faff8aee29abc36037e0edfe68bbca32008a7aaaaa0d6f
DA:6,1
DA:10,1
DA:12,1
LF:3
LH:3
end_of_record
TN:
SF:t.1364c08c01542c859f9e00d0eaa1cc7f03ad1008053238c8055202999c033798
DA:6,1
DA:9,1
DA:11,1
DA:14,1
LF:4
LH:4
end_of_record
TN:
SF:t.1594bbc0d3c935368614dff20b2aed32beba42636e04c8b4b8e85b82d68beb18
DA:6,1
DA:9,1
DA:11,1
DA:14,1
LF:4
LH:4
end_of_record
TN:
SF:t.195620b1b6741af6dc71dd5b62e49c3fa8c2ecdbf750735e3be0bc0c9aecb740
DA:5,1
DA:8,1
DA:9,1
DA:13,1
DA:14,0
LF:5
LH:4
end_of_record
TN:
SF:t.1963f4adbff339fa0a4dcdbdc8abccd2b18e955a710aeb18c3ee65f687b9d8da
DA:6,1
DA:9,1
DA:11,1
DA:14,1
LF:4
LH:4
end_of_record
TN:
SF:t.19e9c7ccc1f1f6a3280678bc07f39ebe48fdb80583ae60eaa5dfb0ec75d5510a
DA:5,1
DA:8,1
DA:9,1
DA:13,1
DA:14,0
LF:5
LH:4
end_of_record
TN:
SF:t.22079c54c9933d1c5b909d83783745e1fe2c028c5e1db34389767944c3aea53e
DA:6,1
DA:9,1
DA:11,1
DA:14,1
LF:4
LH:4
end_of_record
TN:
SF:t.2557391d89eec789e31e2ab0498d5a2b15304a6ef28890cc97f57929dd6abf00
DA:6,1
DA:9,1
DA:11,1
DA:14,1
LF:4
LH:4
end_of_record
TN:
SF:t.27cb56752df1fa0898205241d9b7e237dbbe9dd03d67358d2d077657a13df52a
DA:6,1
DA:9,1
DA:11,1
DA:14,1
LF:4
LH:4
end_of_record
TN:
SF:t.285456f3f3692ba8253647aec37ff43c3265e4fe4f9ec8d838586fbb31423d65
DA:6,1
DA:9,1
DA:11,1
DA:14,1
LF:4
LH:4
end_of_record
TN:
SF:t.296882e91f233ca67d96566b0a5f76bffa4072dd3d8d0f929f7dbb1c89e744f4
DA:6,1
DA:9,1
DA:11,1
DA:14,1
LF:4
LH:4
end_of_record
TN:
SF:t.2e0c9d0c35baeb01996017c9178d5fcd9b4648d9cbe1df49016fdac5edbcd6cb
DA:3,1
DA:4,1
LF:2
LH:2
end_of_record
TN:
SF:t.2e67d137950df6e2ca4e5b040f7705f16b5912e8af59de250b6d581e86dea29f
DA:5,1
DA:8,1
DA:9,1
DA:13,1
DA:14,0
LF:5
LH:4
end_of_record
TN:
SF:t.353ee37b1f0c6232984f2fe90698fe2c991650a9eed639295ac290b92b06eb78
DA:6,1
DA:9,1
DA:11,1
DA:14,1
LF:4
LH:4
end_of_record
TN:
SF:t.3e10c42112ed746e3f4696c4cb4163e5ab18ddcf36e215340a8e24f47eec8cc2
DA:3,1
LF:1
LH:1
end_of_record
TN:
SF:t.45758c6ec0210c172012a203816076071a74688cdaa4cb50ede9a36045f876df
DA:6,1
DA:9,1
DA:11,1
DA:14,1
LF:4
LH:4
end_of_record
TN:
SF:t.4999628a29bc09a93af544fe5ebc58daf5705e05978334cf112435ebb215088b
DA:6,1
DA:9,1
DA:11,1
DA:14,1
LF:4
LH:4
end_of_record
TN:
SF:t.4a46250dd8f499cdbab79cb452dc92f7b3c391572b8789697487966ebf2329a7
DA:5,1
DA:8,1
DA:9,1
DA:13,1
DA:14,0
LF:5
LH:4
end_of_record
TN:
SF:t.4b344ef943972588c53200c1c4775bbd8d02a84a7b8636dedf3f1743cd26278d
DA:5,1
DA:8,1
DA:9,1
DA:13,1
DA:14,0
LF:5
LH:4
end_of_record
TN:
SF:t.4d006dcb61d68aeb3c647f1031525741c64035158b743285d1ec4d1df760ff05
DA:6,1
DA:9,1
DA:11,1
DA:14,1
LF:4
LH:4
end_of_record
TN:
SF:t.4db62f9fae05ed890092453f5435e0663492091881d64353baa7b5e9ac804d84
DA:3,1
LF:1
LH:1
end_of_record
TN:
SF:t.50226a1767205f897cbdd792b713ea5501b007ea52fd948bf10d8bc4a00536c3
DA:4,1
LF:1
LH:1
end_of_record
TN:
SF:t.51cc20374d74a4eaf93e58bb4e7b3b0f3122689fa728be862cd5f187c2ed7c2c
DA:10,1
DA:14,1
DA:20,1
DA:21,1
DA:23,1
DA:25,1
LF:6
LH:6
end_of_record
TN:
SF:t.54fb66d1cc53132b4a93c88526243552d527390551a1a894e50abccef78cb97d
DA:6,1
DA:9,1
DA:11,1
DA:14,1
LF:4
LH:4
end_of_record
TN:
SF:t.557882aea4ef632487166ccf078a098bf6b5bee8f12b79e203c1296577d8707a
DA:3,1
LF:1
LH:1
end_of_record
TN:
SF:t.55cbfd6e715bbf36133c81640522a88b53d2662957f732a769324f3be2e9105c
DA:5,1
DA:8,1
DA:9,1
DA:13,1
DA:14,0
LF:5
LH:4
end_of_record
TN:
SF:t.57b472775555d69b72e253977427ec4358b6016bfb79bc278ded93d1e0f82a44
DA:5,1
DA:8,1
DA:9,1
DA:13,1
DA:14,0
LF:5
LH:4
end_of_record
TN:
SF:t.58029b7b95f4731e3389cd8f64b578204878eb8a614b370ddc7af5709ede9696
DA:6,1
DA:9,1
DA:11,1
DA:14,1
LF:4
LH:4
end_of_record
TN:
SF:t.5dbf3ef2b2aa7b8f2cfe97aa09fbf66a27826d9d4b2882a6c6df60bc837b26a4
DA:5,1
DA:8,1
DA:9,1
DA:13,1
DA:14,0
LF:5
LH:4
end_of_record
TN:
SF:t.600e19b74431f1ce86869fcf1166dc00a98b11e9898ad0621e88f1465afe69d9
DA:17,1
DA:18,1
DA:19,1
DA:20,0
DA:21,0
DA:24,1
LF:6
LH:4
end_of_record
TN:
SF:t.64fb381ec8f1293ce70427266c784cbe650eb162e5c31fc90ebe4f76b623be64
DA:6,1
DA:9,1
DA:11,1
DA:14,1
LF:4
LH:4
end_of_record
TN:
SF:t.669879bad6b532dd912d646925a18d24dc6b102c40cba5ff8dfbd9089f06b3ff
DA:3,1
LF:1
LH:1
end_of_record
TN:
SF:t.6770c7286350dc86082d26e875800f6f404ceb1520013be7502386e0b8454bc2
DA:4,1
LF:1
LH:1
end_of_record
TN:
SF:t.68c2a767451da9f474cb576935f43a668bba47f2d017c07eaf5516830c42b5f6
DA:5,1
DA:8,1
DA:9,1
DA:13,1
DA:14,0
LF:5
LH:4
end_of_record
TN:
SF:t.697af13db4d7c6f7a8f2fdc87ef49c36249636279c0f5046b1c04b6119778b80
DA:9,1
DA:11,1
DA:19,1
DA:21,1
DA:28,1
LF:5
LH:5
end_of_record
TN:
SF:t.6b24e4a00a1115f0bfe25d99e2a34fc149593353451ba64978b5318ef7d9ccd9
DA:5,1
DA:8,1
DA:9,1
DA:13,1
DA:14,0
LF:5
LH:4
end_of_record
TN:
SF:t.6c69213faaf020ef60df106e58985b4c29fa447e0851b4e49ca6cc526142d283
DA:3,1
DA:4,1
LF:2
LH:2
end_of_record
TN:
SF:t.70a3b93015700a2d20b6eff7c3bd31fd555846b8905dbdc67f1849fdaa8e5703
DA:6,1
DA:9,1
DA:11,1
DA:14,1
LF:4
LH:4
end_of_record
TN:
SF:t.76b7b71e671dd8c902bea5e3e6152a37aa18ab753465152eb7eb7b4a1e97ab22
DA:3,1
LF:1
LH:1
end_of_record
TN:
SF:t.779e673c96a4344286c60741749cc23bb69202395e74be7b912fd34037107a47
DA:6,1
DA:9,1
DA:11,1
DA:14,1
LF:4
LH:4
end_of_record
TN:
SF:t.79a842b96adb744184e346223f1b39a209b2d5439a6fe898afc2081823c3b5f2
DA:3,1
LF:1
LH:1
end_of_record
TN:
SF:t.7db863f3f3ae492382da5a2cc1698a38b260ac536fa77fd37585d2c235e5a469
DA:7,1
DA:10,1
DA:13,1
DA:14,1
DA:15,1
DA:16,1
LF:6
LH:6
end_of_record
TN:
SF:t.7f06459bc97c9ad98129ee27b8b9acef19360724aa195c65a5b97789a2140cf3
DA:6,1
DA:9,1
DA:11,1
DA:14,1
LF:4
LH:4
end_of_record
TN:
SF:t.8085a389d3efaa2cead42ef1a3db5c886d76aa34ea5607ff80a22da429f2cb3e
DA:6,1
DA:9,1
DA:11,1
DA:14,1
LF:4
LH:4
end_of_record
TN:
SF:t.8092c2ac5f5c5ffcf3b7671d7e8b1960a7955ad353bce3084bddbb8668710072
DA:6,1
DA:9,1
DA:11,1
DA:14,1
LF:4
LH:4
end_of_record
TN:
SF:t.83586ff2f1b963c0251540c137e60bab0cacd8b16aa90d0ad67394e6511c9ff1
DA:5,1
DA:8,1
DA:9,1
DA:13,1
DA:14,0
LF:5
LH:4
end_of_record
TN:
SF:t.8561126482c357948957f5185f1d91f2d244ad6a37a1d06408e9121de4686d1a
DA:3,1
LF:1
LH:1
end_of_record
TN:
SF:t.856b0539500869f5183b1291caf270a1350ed062eb0e82f5345040ea2fe07c94
DA:17,1
DA:20,1
DA:24,1
DA:25,4
DA:27,4
DA:28,4
DA:29,3
DA:32,4
DA:35,4
LF:9
LH:9
end_of_record
TN:
SF:t.858883918364157f97b99647e2d1134c3778cbdbcab9e1cd3e8f343a40571a02
DA:3,1
LF:1
LH:1
end_of_record
TN:
SF:t.87e108aad537e04e4a8d785901bc1906b8cf3aea95b6ad2a465cc890ec429678
DA:3,1
DA:4,1
LF:2
LH:2
end_of_record
TN:
SF:t.89b9d179b1e5009150677a5f950408ce6b1252f49a7d43abbc328e99270f6122
DA:6,1
DA:9,1
DA:11,1
DA:14,1
LF:4
LH:4
end_of_record
TN:
SF:t.8c61463dc97668d0c70aa5163bc9d020536ce3ff313fb7702c71f049fc07ab6b
DA:6,1
DA:9,1
DA:11,1
DA:14,1
LF:4
LH:4
end_of_record
TN:
SF:t.8d73f09dabf19a4e27b9fcfd38e72f027e7f0297787e3b52c37d0e9da4147024
DA:6,1
DA:9,1
DA:11,1
DA:14,1
LF:4
LH:4
end_of_record
TN:
SF:t.8e5e0ae2c5a7949997a00fc29c023a265ecc834851bd93d9bdf36d5da4cdfdaf
DA:6,1
DA:9,1
DA:11,1
DA:14,1
LF:4
LH:4
end_of_record
TN:
SF:t.8ec34d24dbcc9a0c74484d5dd85193abd2119370219426dcc76d27d37be300e4
DA:6,1
DA:9,1
DA:11,1
DA:14,1
LF:4
LH:4
end_of_record
TN:
SF:t.8f3e24500c03f64dd34da67fbca7faca11f5d6eb800f69fd992b7069829f4557
DA:6,1
DA:9,1
DA:11,1
DA:14,1
LF:4
LH:4
end_of_record
TN:
SF:t.8fc5501472bde609aabeb643c91e9118a16a0f7822177cedb5a93919b0a48614
DA:6,1
DA:9,1
DA:11,1
DA:14,1
LF:4
LH:4
end_of_record
TN:
SF:t.9116cb0c4569c42c57c469cf1d2a543f48fe3dc6cc62d588b1dcacd7ef7cf32d
DA:5,1
DA:8,1
DA:9,1
DA:13,1
DA:14,0
LF:5
LH:4
end_of_record
TN:
SF:t.93fe4fbe030e85abaf207357221908f0060cafc96fc507822b8de979f1224d3e
DA:6,1
DA:9,1
DA:11,1
DA:14,1
LF:4
LH:4
end_of_record
TN:
SF:t.950b668192d639d5ec06b687e408009c2256b2c52ebad2fb8a18bc7ada344584
DA:5,1
DA:8,1
DA:9,1
DA:13,1
DA:14,0
LF:5
LH:4
end_of_record
TN:
SF:t.9c78c0deeebc7a8492aa850238febe150ea204482d37db2a2770727262a11f60
DA:6,1
DA:9,1
DA:11,1
DA:14,1
LF:4
LH:4
end_of_record
TN:
SF:t.9daf33481af221ebcc6f7ee8941f19fcc533b99c48fa2f73a047fe4c19def8be
DA:14,1
DA:18,1
DA:20,1
DA:22,1
DA:23,1
DA:26,1
DA:30,1
LF:7
LH:7
end_of_record
TN:
SF:t.9fec034dd2443aad816769543057f899451e4b7c7af7d130b63b3c8f1164d8ac
DA:6,1
DA:9,1
DA:11,1
DA:14,1
LF:4
LH:4
end_of_record
TN:
SF:t.a2a842066b88014c7a9f9541bd5dfae882f826f7f48097eaf87cf99ddb8cb75e
DA:6,1
DA:9,1
DA:11,1
DA:14,1
LF:4
LH:4
end_of_record
TN:
SF:t.a93b3bc79d602723807f3af6b6fa87afadef8a8cc73df2ee9dbb701d98af08fd
DA:3,1
LF:1
LH:1
end_of_record
TN:
SF:t.a9a599d06cc17ee36195375688ffae66354a5ae68fab30756616c169615c688c
DA:3,1
DA:4,1
LF:2
LH:2
end_of_record
TN:
SF:t.aefbeab139e3b88a6176637f31ded59c376ba04ad7f464904ce36b7620d00dce
DA:6,1
DA:9,1
DA:11,1
DA:14,1
LF:4
LH:4
end_of_record
TN:
SF:t.af6ac1f7fcda2fd370e9c8ab5ab8aafc5d85d747d7c35e4a7b55d8d6e45fa8a2
DA:6,1
DA:9,1
DA:11,1
DA:14,1
LF:4
LH:4
end_of_record
TN:
SF:t.afa4cdc534a66cdf697068e6a2f741999648c024175a6e8bc93f55eac420e38a
DA:6,1
DA:9,1
DA:11,1
DA:14,1
LF:4
LH:4
end_of_record
TN:
SF:t.b27be1e98bc8cff2fd4a5859dc73e4ac407a6147848d0fce7271f3b4e36e3536
DA:3,1
LF:1
LH:1
end_of_record
TN:
SF:t.b573c7adc0dab36d6c57ba3e66fb24c44961be75018150e63d4477dfbed5cd74
DA:6,1
DA:9,1
DA:11,1
DA:14,1
LF:4
LH:4
end_of_record
TN:
SF:t.b6cf797ae7de58bb9ae13e415a89112665fc17a3fdaf44eccab6a4da6b49dff6
DA:6,1
DA:9,1
DA:11,1
DA:14,1
LF:4
LH:4
end_of_record
TN:
SF:t.bac69900943f587e0919b60a59bc372d5ae8ee45f0d2fc04173f21a9af4cff8e
DA:3,1
LF:1
LH:1
end_of_record
TN:
SF:t.c05bf825d8068f8c9da1b9a118ab466a19b302bfa6b4998f163eb904dca9cc34
DA:3,1
LF:1
LH:1
end_of_record
TN:
SF:t.c082a8a6e00c6eb6d446df0c560255ada029129e01daf6d5bfb2bbf890698434
DA:6,1
DA:9,1
DA:11,1
DA:14,1
LF:4
LH:4
end_of_record
TN:
SF:t.c0f9a3339b3bff8f06c20739fede965e0a0bfa2e98e1a05637390b2b6c1f98d3
DA:5,1
DA:8,1
DA:9,1
DA:13,1
DA:14,0
LF:5
LH:4
end_of_record
TN:
SF:t.c148b331780546f4135de0d49a0e404f736de7238e925d78793108cf9f50c491
DA:6,1
DA:9,1
DA:11,1
DA:14,1
LF:4
LH:4
end_of_record
TN:
SF:t.c179aad12d9b160b0516de685b933b6d20eabfcd381c79bcef723523cee0f755
DA:6,1
DA:9,1
DA:11,1
DA:14,1
LF:4
LH:4
end_of_record
TN:
SF:t.c29f19766a5a0dd9b8b36d0a4806db3a1ab5c15da63cb0b214773c399053ac23
DA:5,1
DA:8,1
DA:9,1
DA:13,1
DA:14,0
LF:5
LH:4
end_of_record
TN:
SF:t.c949ac3b6b3b1a90ed39ea1cd9f97288b649ffa178f9c2a5d9d91feb2e42be75
DA:3,1
LF:1
LH:1
end_of_record
TN:
SF:t.d3e7b1241cde98c11b28f4c14bd06309fba3708a0e4c18f6c82af629fd8d4f23
DA:5,1
DA:8,1
DA:9,1
DA:13,1
DA:14,0
LF:5
LH:4
end_of_record
TN:
SF:t.d6e65fa559a7e50a64bbee88676b1b52337aae772dd9e0173d4a44c3af229c8d
DA:6,1
DA:9,1
DA:11,1
DA:14,1
LF:4
LH:4
end_of_record
TN:
SF:t.dd698986b2638f90816a507101677296074f598c6362436c6677b43ec4e0a060
DA:6,1
DA:9,1
DA:11,1
DA:14,1
LF:4
LH:4
end_of_record
TN:
SF:t.e0cd383aa96e8ebd23604a3c7d2a8d0640c868ba39e196acdd5bf7f939fe2023
DA:5,1
DA:8,1
DA:9,1
DA:13,1
DA:14,0
LF:5
LH:4
end_of_record
TN:
SF:t.e1457c3f59b910fb5b7440df96b11cda89849f6d0642d1c5782c29be5d2d584e
DA:6,1
DA:9,1
DA:11,1
DA:14,1
LF:4
LH:4
end_of_record
TN:
SF:t.e17771223b121a998d982fc9a971ab338a72740d505fcebe378c0ae93d15afca
DA:6,1
DA:9,1
DA:11,1
DA:14,1
LF:4
LH:4
end_of_record
TN:
SF:t.e2345b4155b917e235f3aa6406585404f6ea97fdad2718d83a87982695dd67c4
DA:3,1
DA:4,1
LF:2
LH:2
end_of_record
TN:
SF:t.e249d740170bd0f0f382fb23998023bcdfc8356a5c28869125f94dcca1efe666
DA:6,1
DA:9,1
DA:11,1
DA:14,1
LF:4
LH:4
end_of_record
TN:
SF:t.e3b447e449dcf5aa1a59e1fc596b81d57da0820aed339477970291a697e9c54f
DA:5,1
DA:8,1
DA:9,1
DA:13,1
DA:14,0
LF:5
LH:4
end_of_record
TN:
SF:t.e45500f9faa0bcff3b61e0f06023a3497d122abeba9b1b4e7b4efe8afda96e41
DA:6,1
DA:9,1
DA:11,1
DA:14,1
LF:4
LH:4
end_of_record
TN:
SF:t.e4f9d82623e5048f7365d946248017bc6a9b50bad7929beb5c784671749071b7
DA:5,1
DA:8,1
DA:9,1
DA:13,1
DA:14,0
LF:5
LH:4
end_of_record
TN:
SF:t.e509ec76e96dd48e25b2d605d2b5436b2e5d6787dd56327d31b722cba5f59716
DA:5,1
DA:8,1
DA:9,1
DA:13,1
DA:14,0
LF:5
LH:4
end_of_record
TN:
SF:t.e55341086e7cd353664bda5aac0c03f91e846bf242419bb28d526ac380841843
DA:3,1
LF:1
LH:1
end_of_record
TN:
SF:t.e7980be460dd8c4999da8ee1883cbe4ca9f8d0b6428e7891528caa61ecf1970d
DA:6,1
DA:9,1
DA:11,1
DA:14,1
LF:4
LH:4
end_of_record
TN:
SF:t.e881177a9bf1f10c1a9b6fa630e3ac89fbb2813443fb37a124666d67b8ecd196
DA:4,1
DA:5,1
LF:2
LH:2
end_of_record
TN:
SF:t.ea92c2d144e1bc7f20b8ffda7ee61d4174f9b5adbe1f78ffde70b7875d096826
DA:5,1
DA:8,1
DA:9,1
DA:13,1
DA:14,0
LF:5
LH:4
end_of_record
TN:
SF:t.eebfe45959162be1bb8e5240e7ad59745e9abae5cc254719852287594bf1cf33
DA:6,1
DA:9,1
DA:11,1
DA:14,1
LF:4
LH:4
end_of_record
TN:
SF:t.ef452ac4a4f27af0eb886f28fe325085bcf89429a6b74e0028b232da8548f8d4
DA:6,1
DA:9,1
LF:2
LH:2
end_of_record
TN:
SF:t.f249ea15b041c698237dd84b8c1305d07c2d07dba8aebd4e0b985fade551402d
DA:9,1
DA:11,1
DA:19,0
DA:21,0
DA:28,0
LF:5
LH:2
end_of_record
TN:
SF:t.f7e36c45e4f4a6e06870c52575881eb21e78bbf1afb152b6073258ee80213158
DA:6,1
DA:9,1
DA:11,1
DA:14,1
LF:4
LH:4
end_of_record
TN:
SF:t.f9fe3a4d480ddfec1cde4803654d4c0268274535cb098030716b427716eaf268
DA:5,1
DA:8,1
DA:9,1
DA:13,1
DA:14,0
LF:5
LH:4
end_of_record
TN:
SF:t.fa1b26d736c4a397b56a466a69ef783cf9fbc7bb90ae0ee8961dbe7213a13f43
DA:18,1
DA:25,1
DA:28,1
DA:32,1
LF:4
LH:4
end_of_record
TN:
SF:t.fcbfef3d335bdd5a6481f77d35a9f49b0320b6727920436e172a9183d2daf7c3
DA:3,1
LF:1
LH:1
end_of_record
TN:
SF:t.fe630f478090623b6b6674e4b5aa6c025cfd72e44eb0dfebdc46c72de987ec88
DA:6,1
DA:9,1
DA:11,1
DA:14,1
LF:4
LH:4
end_of_record
TN:
SF:t.ff02c60063ccb10988ec5cec4baf4110e4c2fc6f47953b9033988312ca369d37
DA:18,1
DA:25,0
DA:28,0
DA:32,0
LF:4
LH:1
end_of_record
TN:
SF:t.ffa3df30714bc1ca1d96eaa1faf8ef8919b42aee2278e6d3871f4c36133ed9e4
DA:3,1
LF:1
LH:1
end_of_record
