TN:
SF:cadence/contracts/VoteBoothST.cdc
DA:78,0
DA:82,0
DA:86,4
DA:90,0
DA:94,0
DA:98,0
DA:101,0
DA:104,0
DA:107,0
DA:110,0
DA:119,0
DA:121,0
DA:123,0
DA:131,0
DA:132,0
DA:141,0
DA:144,0
DA:145,0
DA:152,0
DA:154,0
DA:156,0
DA:160,0
DA:163,0
DA:164,0
DA:167,0
DA:173,0
DA:175,0
DA:177,0
DA:180,0
DA:185,6
DA:186,6
DA:187,6
DA:197,2
DA:203,0
DA:207,0
DA:208,0
DA:211,0
DA:216,0
DA:217,0
DA:222,0
DA:228,2
DA:229,0
DA:235,2
DA:236,2
DA:238,2
DA:239,0
DA:242,2
DA:246,0
DA:250,0
DA:258,0
DA:262,0
DA:266,0
DA:270,0
DA:274,2
DA:275,2
DA:282,2
DA:295,0
DA:298,0
DA:299,0
DA:302,0
DA:307,0
DA:312,2
DA:314,2
DA:316,2
DA:317,0
DA:320,2
DA:325,0
DA:327,0
DA:328,0
DA:331,0
DA:341,2
DA:347,2
DA:351,2
DA:356,1
DA:357,1
DA:358,1
DA:376,6
DA:378,6
DA:380,6
DA:384,4
DA:388,0
DA:400,1
DA:403,1
DA:406,1
DA:409,1
DA:412,1
DA:417,1
DA:420,1
DA:423,0
DA:426,0
DA:430,0
DA:434,0
DA:438,0
DA:442,0
DA:450,0
DA:458,0
DA:465,0
DA:473,0
DA:474,0
DA:478,0
DA:482,0
DA:484,0
DA:485,0
DA:488,0
DA:492,0
DA:497,0
DA:502,2
DA:506,0
DA:512,1
DA:513,1
DA:514,1
DA:515,1
DA:516,1
DA:517,1
DA:519,1
DA:520,1
DA:521,1
DA:522,1
DA:525,1
DA:526,1
DA:527,1
DA:529,1
DA:530,4
DA:532,4
DA:533,4
DA:536,0
DA:543,1
DA:544,1
DA:545,1
DA:546,1
DA:547,1
DA:550,1
DA:552,1
DA:553,0
DA:564,1
DA:566,1
DA:568,1
DA:569,0
DA:577,1
DA:579,1
DA:580,0
DA:591,1
DA:593,1
DA:594,0
DA:602,1
DA:604,1
DA:606,1
DA:608,1
DA:611,1
DA:613,1
DA:615,1
DA:617,1
LF:152
LH:74
end_of_record
